{"E:\\2 Namaste React\\1.Namaste-React-Web-Series\\EP-13\\src\\componnet\\Contactus.jsx": {"path":"E:\\2 Namaste React\\1.Namaste-React-Web-Series\\EP-13\\src\\componnet\\Contactus.jsx","statementMap":{"0":{"start":{"line":4,"column":18},"end":{"line":34,"column":1}},"1":{"start":{"line":14,"column":2},"end":{"line":33,"column":4}}},"fnMap":{"0":{"name":"(anonymous_0)","decl":{"start":{"line":4,"column":18},"end":{"line":4,"column":19}},"loc":{"start":{"line":4,"column":24},"end":{"line":34,"column":1}},"line":4}},"branchMap":{},"s":{"0":1,"1":1},"f":{"0":1},"b":{},"_coverageSchema":"1a1c01bbd47fc00a2c39e90264f33305004495a9","hash":"c597f23b8f02d48862a438fab88e19a3fb5bc0a9"}
,"E:\\2 Namaste React\\1.Namaste-React-Web-Series\\EP-13\\src\\componnet\\Sum.jsx": {"path":"E:\\2 Namaste React\\1.Namaste-React-Web-Series\\EP-13\\src\\componnet\\Sum.jsx","statementMap":{"0":{"start":{"line":1,"column":19},"end":{"line":3,"column":1}},"1":{"start":{"line":2,"column":2},"end":{"line":2,"column":15}}},"fnMap":{"0":{"name":"(anonymous_0)","decl":{"start":{"line":1,"column":19},"end":{"line":1,"column":20}},"loc":{"start":{"line":1,"column":29},"end":{"line":3,"column":1}},"line":1}},"branchMap":{},"s":{"0":1,"1":1},"f":{"0":1},"b":{},"_coverageSchema":"1a1c01bbd47fc00a2c39e90264f33305004495a9","hash":"f679ee0341c1abaaf1d455a78bc3b1889add5274"}
,"E:\\2 Namaste React\\1.Namaste-React-Web-Series\\EP-13\\src\\utils\\Constants.js": {"path":"E:\\2 Namaste React\\1.Namaste-React-Web-Series\\EP-13\\src\\utils\\Constants.js","statementMap":{"0":{"start":{"line":2,"column":2},"end":{"line":2,"column":85}},"1":{"start":{"line":5,"column":2},"end":{"line":5,"column":102}},"2":{"start":{"line":8,"column":2},"end":{"line":8,"column":125}}},"fnMap":{},"branchMap":{},"s":{"0":1,"1":1,"2":1},"f":{},"b":{},"_coverageSchema":"1a1c01bbd47fc00a2c39e90264f33305004495a9","hash":"8a558b10d0585ce1d591bbb4e2ec7ad20c74f68c"}
}
